<?xml version="1.0" encoding="UTF-8"?>
<!-- Generated by org.testng.reporters.JUnitXMLReporter -->
<testsuite ignored="0" hostname="DESKTOP-69BHCVS" failures="0" tests="4" name="Default test" time="0.196" errors="0" timestamp="2024-01-24T11:20:13 IST">
  <testcase classname="com.admin.DemoTest" name="demo1Test" time="0.022"/>
  <testcase classname="com.admin.DemoTest" name="demo2Test" time="0.004"/>
  <testcase classname="com.admin.DemoTest" name="demo3Test" time="0.004"/>
  <testcase classname="com.admin.DemoTest" name="demo4Test" time="0.005"/>
</testsuite> <!-- Default test -->
