<?xml version="1.0" encoding="UTF-8"?>
<!-- Generated by org.testng.reporters.JUnitXMLReporter -->
<testsuite ignored="4" hostname="DESKTOP-69BHCVS" failures="0" tests="4" name="Test" time="0.173" errors="0" timestamp="2024-01-24T11:59:11 IST">
  <testcase classname="com.admin.ManageProductsTest" name="sample2Test" time="0.017"/>
  <testcase classname="com.admin.ManageProductsTest" name="sample3Test" time="0.002"/>
  <testcase classname="com.admin.DemoTest" name="demo2Test" time="0.004"/>
  <testcase classname="com.admin.SampleTest" name="demo2Test" time="0.005"/>
  <testcase classname="com.admin.DemoTest" name="demo4Test" time="0.0">
    <ignored/>
  </testcase> <!-- demo4Test -->
  <testcase classname="com.admin.DemoTest" name="demo1Test" time="0.0">
    <ignored/>
  </testcase> <!-- demo1Test -->
  <testcase classname="com.admin.DemoTest" name="demo3Test" time="0.0">
    <ignored/>
  </testcase> <!-- demo3Test -->
  <testcase classname="com.admin.SampleTest" name="demo1Test" time="0.0">
    <ignored/>
  </testcase> <!-- demo1Test -->
</testsuite> <!-- Test -->
