<?xml version="1.0" encoding="UTF-8"?>
<testng-results ignored="4" total="8" passed="4" failed="0" skipped="0">
  <reporter-output>
  </reporter-output>
  <suite started-at="2024-01-24T11:59:11 IST" name="Suite" finished-at="2024-01-24T11:59:11 IST" duration-ms="173">
    <groups>
      <group name="regression">
        <method signature="DemoTest.demo2Test()[pri:0, instance:com.admin.DemoTest@45099dd3]" name="demo2Test" class="com.admin.DemoTest"/>
        <method signature="ManageProductsTest.sample2Test()[pri:0, instance:com.admin.ManageProductsTest@2e6a8155]" name="sample2Test" class="com.admin.ManageProductsTest"/>
        <method signature="ManageProductsTest.sample3Test()[pri:0, instance:com.admin.ManageProductsTest@2e6a8155]" name="sample3Test" class="com.admin.ManageProductsTest"/>
        <method signature="SampleTest.demo2Test()[pri:0, instance:com.admin.SampleTest@13e344d]" name="demo2Test" class="com.admin.SampleTest"/>
      </group> <!-- regression -->
      <group name="smoke">
        <method signature="DemoTest.demo2Test()[pri:0, instance:com.admin.DemoTest@45099dd3]" name="demo2Test" class="com.admin.DemoTest"/>
        <method signature="ManageProductsTest.sample2Test()[pri:0, instance:com.admin.ManageProductsTest@2e6a8155]" name="sample2Test" class="com.admin.ManageProductsTest"/>
        <method signature="ManageProductsTest.sample3Test()[pri:0, instance:com.admin.ManageProductsTest@2e6a8155]" name="sample3Test" class="com.admin.ManageProductsTest"/>
        <method signature="SampleTest.demo2Test()[pri:0, instance:com.admin.SampleTest@13e344d]" name="demo2Test" class="com.admin.SampleTest"/>
      </group> <!-- smoke -->
    </groups>
    <test started-at="2024-01-24T11:59:11 IST" name="Test" finished-at="2024-01-24T11:59:11 IST" duration-ms="173">
      <class name="com.admin.DemoTest">
        <test-method signature="demo2Test()[pri:0, instance:com.admin.DemoTest@45099dd3]" started-at="2024-01-24T11:59:11 IST" name="demo2Test" finished-at="2024-01-24T11:59:11 IST" duration-ms="4" status="PASS">
          <reporter-output>
          </reporter-output>
        </test-method> <!-- demo2Test -->
      </class> <!-- com.admin.DemoTest -->
      <class name="com.admin.ManageProductsTest">
        <test-method signature="sample2Test()[pri:0, instance:com.admin.ManageProductsTest@2e6a8155]" started-at="2024-01-24T11:59:11 IST" name="sample2Test" finished-at="2024-01-24T11:59:11 IST" duration-ms="17" status="PASS">
          <reporter-output>
          </reporter-output>
        </test-method> <!-- sample2Test -->
        <test-method signature="sample3Test()[pri:0, instance:com.admin.ManageProductsTest@2e6a8155]" started-at="2024-01-24T11:59:11 IST" name="sample3Test" finished-at="2024-01-24T11:59:11 IST" duration-ms="2" status="PASS">
          <reporter-output>
          </reporter-output>
        </test-method> <!-- sample3Test -->
      </class> <!-- com.admin.ManageProductsTest -->
      <class name="com.admin.SampleTest">
        <test-method signature="demo2Test()[pri:0, instance:com.admin.SampleTest@13e344d]" started-at="2024-01-24T11:59:11 IST" name="demo2Test" finished-at="2024-01-24T11:59:11 IST" duration-ms="5" status="PASS">
          <reporter-output>
          </reporter-output>
        </test-method> <!-- demo2Test -->
      </class> <!-- com.admin.SampleTest -->
    </test> <!-- Test -->
  </suite> <!-- Suite -->
</testng-results>
